0 info it worked if it ends with ok
1 verbose cli [ '/usr/bin/node', '/usr/bin/npm', 'install', 'express', '--save' ]
2 info using npm@1.4.28
3 info using node@v0.10.35
4 verbose node symlink /usr/bin/node
5 warn package.json projectBaba@1.0.0 No repository field.
6 warn package.json projectBaba@1.0.0 No README data
7 verbose readDependencies using package.json deps
8 verbose cache add [ 'express', null ]
9 verbose cache add name=undefined spec="express" args=["express",null]
10 verbose parsed url { protocol: null,
10 verbose parsed url   slashes: null,
10 verbose parsed url   auth: null,
10 verbose parsed url   host: null,
10 verbose parsed url   port: null,
10 verbose parsed url   hostname: null,
10 verbose parsed url   hash: null,
10 verbose parsed url   search: null,
10 verbose parsed url   query: null,
10 verbose parsed url   pathname: 'express',
10 verbose parsed url   path: 'express',
10 verbose parsed url   href: 'express' }
11 silly lockFile f3c62de4-express express
12 verbose lock express /home/drklrd/.npm/f3c62de4-express.lock
13 silly lockFile f3c62de4-express express
14 silly lockFile f3c62de4-express express
15 verbose addNamed [ 'express', '' ]
16 verbose addNamed [ null, '*' ]
17 silly lockFile 64a534c1-express express@
18 verbose lock express@ /home/drklrd/.npm/64a534c1-express.lock
19 silly addNameRange { name: 'express', range: '*', hasData: false }
20 verbose request where is /express
21 verbose request registry https://registry.npmjs.org/
22 verbose request id b4d9bd15956a43d3
23 verbose url raw /express
24 verbose url resolving [ 'https://registry.npmjs.org/', './express' ]
25 verbose url resolved https://registry.npmjs.org/express
26 verbose request where is https://registry.npmjs.org/express
27 info trying registry request attempt 1 at 14:22:47
28 verbose etag "6HDY95XT7JA5HH4QCSMVHF06M"
29 http GET https://registry.npmjs.org/express
30 http 304 https://registry.npmjs.org/express
31 silly registry.get cb [ 304,
31 silly registry.get   { date: 'Fri, 16 Jan 2015 08:37:48 GMT',
31 silly registry.get     server: 'Apache',
31 silly registry.get     via: '1.1 varnish',
31 silly registry.get     'last-modified': 'Fri, 16 Jan 2015 08:37:49 GMT',
31 silly registry.get     'cache-control': 'max-age=60',
31 silly registry.get     etag: '"6HDY95XT7JA5HH4QCSMVHF06M"',
31 silly registry.get     age: '0',
31 silly registry.get     'x-served-by': 'cache-sn89-SIN',
31 silly registry.get     'x-cache': 'HIT',
31 silly registry.get     'x-cache-hits': '1',
31 silly registry.get     'x-timer': 'S1421397468.910384,VS0,VE242',
31 silly registry.get     vary: 'Accept',
31 silly registry.get     'content-length': '0',
31 silly registry.get     'keep-alive': 'timeout=10, max=50',
31 silly registry.get     connection: 'Keep-Alive' } ]
32 verbose etag https://registry.npmjs.org/express from cache
33 silly addNameRange number 2 { name: 'express', range: '*', hasData: true }
34 silly addNameRange versions [ 'express',
34 silly addNameRange   [ '0.14.0',
34 silly addNameRange     '0.14.1',
34 silly addNameRange     '1.0.0',
34 silly addNameRange     '1.0.1',
34 silly addNameRange     '1.0.2',
34 silly addNameRange     '1.0.3',
34 silly addNameRange     '1.0.4',
34 silly addNameRange     '1.0.5',
34 silly addNameRange     '1.0.6',
34 silly addNameRange     '1.0.7',
34 silly addNameRange     '1.0.8',
34 silly addNameRange     '2.0.0',
34 silly addNameRange     '2.1.0',
34 silly addNameRange     '2.1.1',
34 silly addNameRange     '2.2.0',
34 silly addNameRange     '2.2.1',
34 silly addNameRange     '2.2.2',
34 silly addNameRange     '2.3.0',
34 silly addNameRange     '2.3.1',
34 silly addNameRange     '2.3.2',
34 silly addNameRange     '2.3.3',
34 silly addNameRange     '2.3.4',
34 silly addNameRange     '2.3.5',
34 silly addNameRange     '2.3.6',
34 silly addNameRange     '2.3.7',
34 silly addNameRange     '2.3.8',
34 silly addNameRange     '2.3.9',
34 silly addNameRange     '2.3.10',
34 silly addNameRange     '2.3.11',
34 silly addNameRange     '2.3.12',
34 silly addNameRange     '2.4.0',
34 silly addNameRange     '2.4.1',
34 silly addNameRange     '2.4.2',
34 silly addNameRange     '2.4.3',
34 silly addNameRange     '2.4.4',
34 silly addNameRange     '2.4.5',
34 silly addNameRange     '2.4.6',
34 silly addNameRange     '2.4.7',
34 silly addNameRange     '2.5.0',
34 silly addNameRange     '2.5.1',
34 silly addNameRange     '2.5.2',
34 silly addNameRange     '2.5.3',
34 silly addNameRange     '2.5.4',
34 silly addNameRange     '2.5.5',
34 silly addNameRange     '2.5.6',
34 silly addNameRange     '2.5.7',
34 silly addNameRange     '2.5.8',
34 silly addNameRange     '2.5.9',
34 silly addNameRange     '2.5.10',
34 silly addNameRange     '2.5.11',
34 silly addNameRange     '3.0.0',
34 silly addNameRange     '3.0.1',
34 silly addNameRange     '3.0.2',
34 silly addNameRange     '3.0.3',
34 silly addNameRange     '3.0.4',
34 silly addNameRange     '3.0.5',
34 silly addNameRange     '3.0.6',
34 silly addNameRange     '3.1.0',
34 silly addNameRange     '3.1.1',
34 silly addNameRange     '3.1.2',
34 silly addNameRange     '3.2.0',
34 silly addNameRange     '3.2.1',
34 silly addNameRange     '3.2.2',
34 silly addNameRange     '3.2.3',
34 silly addNameRange     '3.2.4',
34 silly addNameRange     '3.2.5',
34 silly addNameRange     '3.2.6',
34 silly addNameRange     '3.3.0',
34 silly addNameRange     '3.3.1',
34 silly addNameRange     '3.3.2',
34 silly addNameRange     '3.3.3',
34 silly addNameRange     '3.3.4',
34 silly addNameRange     '3.3.5',
34 silly addNameRange     '3.3.6',
34 silly addNameRange     '1.0.0-beta',
34 silly addNameRange     '1.0.0-beta2',
34 silly addNameRange     '1.0.0-rc',
34 silly addNameRange     '1.0.0-rc2',
34 silly addNameRange     '1.0.0-rc3',
34 silly addNameRange     '1.0.0-rc4',
34 silly addNameRange     '2.0.0-beta',
34 silly addNameRange     '2.0.0-beta2',
34 silly addNameRange     '2.0.0-beta3',
34 silly addNameRange     '2.0.0-rc',
34 silly addNameRange     '2.0.0-rc2',
34 silly addNameRange     '2.0.0-rc3',
34 silly addNameRange     '3.0.0-alpha1',
34 silly addNameRange     '3.0.0-alpha2',
34 silly addNameRange     '3.0.0-alpha3',
34 silly addNameRange     '3.0.0-alpha4',
34 silly addNameRange     '3.0.0-alpha5',
34 silly addNameRange     '3.0.0-beta1',
34 silly addNameRange     '3.0.0-beta2',
34 silly addNameRange     '3.0.0-beta3',
34 silly addNameRange     '3.0.0-beta4',
34 silly addNameRange     '3.0.0-beta6',
34 silly addNameRange     '3.0.0-beta7',
34 silly addNameRange     '3.0.0-rc1',
34 silly addNameRange     '3.0.0-rc2',
34 silly addNameRange     '3.0.0-rc3',
34 silly addNameRange     '3.0.0-rc4',
34 silly addNameRange     '3.0.0-rc5',
34 silly addNameRange     '3.3.7',
34 silly addNameRange     '3.3.8',
34 silly addNameRange     '3.4.0',
34 silly addNameRange     '3.4.1',
34 silly addNameRange     '3.4.2',
34 silly addNameRange     '3.4.3',
34 silly addNameRange     '3.4.4',
34 silly addNameRange     '3.4.5',
34 silly addNameRange     '3.4.6',
34 silly addNameRange     '3.4.7',
34 silly addNameRange     '3.4.8',
34 silly addNameRange     '4.0.0-rc1',
34 silly addNameRange     '4.0.0-rc2',
34 silly addNameRange     '3.5.0',
34 silly addNameRange     '4.0.0-rc3',
34 silly addNameRange     '4.0.0-rc4',
34 silly addNameRange     '3.5.1',
34 silly addNameRange     '4.0.0',
34 silly addNameRange     '3.5.2',
34 silly addNameRange     '4.1.0',
34 silly addNameRange     '4.1.1',
34 silly addNameRange     '3.5.3',
34 silly addNameRange     '4.1.2',
34 silly addNameRange     '3.6.0',
34 silly addNameRange     '4.2.0',
34 silly addNameRange     '3.7.0',
34 silly addNameRange     '3.8.0',
34 silly addNameRange     '4.3.0',
34 silly addNameRange     '4.3.1',
34 silly addNameRange     '3.8.1',
34 silly addNameRange     '4.3.2',
34 silly addNameRange     '3.9.0',
34 silly addNameRange     '4.4.0',
34 silly addNameRange     '4.4.1',
34 silly addNameRange     '3.10.0',
34 silly addNameRange     '3.10.1',
34 silly addNameRange     '3.10.2',
34 silly addNameRange     '3.10.3',
34 silly addNameRange     '3.10.4',
34 silly addNameRange     '4.4.2',
34 silly addNameRange     '3.10.5',
34 silly addNameRange     '4.4.3',
34 silly addNameRange     '3.11.0',
34 silly addNameRange     '4.4.4',
34 silly addNameRange     '3.12.0',
34 silly addNameRange     '3.12.1',
34 silly addNameRange     '4.4.5',
34 silly addNameRange     '3.13.0',
34 silly addNameRange     '4.5.0',
34 silly addNameRange     '4.5.1',
34 silly addNameRange     '3.14.0',
34 silly addNameRange     '4.6.0',
34 silly addNameRange     '4.6.1',
34 silly addNameRange     '3.15.0',
34 silly addNameRange     '4.7.0',
34 silly addNameRange     '3.15.1',
34 silly addNameRange     '4.7.1',
34 silly addNameRange     '3.15.2',
34 silly addNameRange     '4.7.2',
34 silly addNameRange     '4.7.3',
34 silly addNameRange     '3.15.3',
34 silly addNameRange     '4.7.4',
34 silly addNameRange     '3.16.0',
34 silly addNameRange     '4.8.0',
34 silly addNameRange     '3.16.1',
34 silly addNameRange     '4.8.1',
34 silly addNameRange     '3.16.2',
34 silly addNameRange     '4.8.2',
34 silly addNameRange     '3.16.3',
34 silly addNameRange     '3.16.4',
34 silly addNameRange     '4.8.3',
34 silly addNameRange     '3.16.5',
34 silly addNameRange     '3.16.6',
34 silly addNameRange     '4.8.4',
34 silly addNameRange     '3.16.7',
34 silly addNameRange     '4.8.5',
34 silly addNameRange     '3.16.8',
34 silly addNameRange     '4.8.6',
34 silly addNameRange     '3.16.9',
34 silly addNameRange     '4.8.7',
34 silly addNameRange     '3.16.10',
34 silly addNameRange     '4.8.8',
34 silly addNameRange     '3.17.0',
34 silly addNameRange     '3.17.1',
34 silly addNameRange     '4.9.0',
34 silly addNameRange     '3.17.2',
34 silly addNameRange     '4.9.1',
34 silly addNameRange     '4.9.2',
34 silly addNameRange     '3.17.3',
34 silly addNameRange     '4.9.3',
34 silly addNameRange     '3.17.4',
34 silly addNameRange     '4.9.4',
34 silly addNameRange     '3.17.5',
34 silly addNameRange     '4.9.5',
34 silly addNameRange     '3.17.6',
34 silly addNameRange     '3.17.7',
34 silly addNameRange     '4.9.6',
34 silly addNameRange     '4.9.7',
34 silly addNameRange     '3.17.8',
34 silly addNameRange     '4.9.8',
34 silly addNameRange     '3.18.0',
34 silly addNameRange     '3.18.1',
34 silly addNameRange     '4.10.0',
34 silly addNameRange     '3.18.2',
34 silly addNameRange     '4.10.1',
34 silly addNameRange     '5.0.0-alpha.1',
34 silly addNameRange     '3.18.3',
34 silly addNameRange     '4.10.2',
34 silly addNameRange     '3.18.4',
34 silly addNameRange     '4.10.3',
34 silly addNameRange     '4.10.4',
34 silly addNameRange     '4.10.5',
34 silly addNameRange     '3.18.5',
34 silly addNameRange     '3.18.6',
34 silly addNameRange     '4.10.6',
34 silly addNameRange     '4.10.7',
34 silly addNameRange     '3.19.0',
34 silly addNameRange     '4.10.8',
34 silly addNameRange     '4.11.0' ] ]
35 verbose addNamed [ 'express', '4.11.0' ]
36 verbose addNamed [ '4.11.0', '4.11.0' ]
37 silly lockFile d83478c8-express-4-11-0 express@4.11.0
38 verbose lock express@4.11.0 /home/drklrd/.npm/d83478c8-express-4-11-0.lock
39 silly lockFile 33d40286-s-org-express-express-4-11-0-tgz https://registry.npmjs.org/express/-/express-4.11.0.tgz
40 verbose lock https://registry.npmjs.org/express/-/express-4.11.0.tgz /home/drklrd/.npm/33d40286-s-org-express-express-4-11-0-tgz.lock
41 verbose addRemoteTarball [ 'https://registry.npmjs.org/express/-/express-4.11.0.tgz',
41 verbose addRemoteTarball   'ad5b5157b74a95fc5c59442efad0306e7b1aeb99' ]
42 info retry fetch attempt 1 at 14:22:49
43 verbose fetch to= /tmp/npm-21766-daYT_Ymz/registry.npmjs.org/express/-/express-4.11.0.tgz
44 http GET https://registry.npmjs.org/express/-/express-4.11.0.tgz
45 http 200 https://registry.npmjs.org/express/-/express-4.11.0.tgz
46 silly lockFile 33d40286-s-org-express-express-4-11-0-tgz https://registry.npmjs.org/express/-/express-4.11.0.tgz
47 silly lockFile 33d40286-s-org-express-express-4-11-0-tgz https://registry.npmjs.org/express/-/express-4.11.0.tgz
48 silly lockFile d83478c8-express-4-11-0 express@4.11.0
49 silly lockFile d83478c8-express-4-11-0 express@4.11.0
50 silly lockFile 64a534c1-express express@
51 silly lockFile 64a534c1-express express@
52 error Error: EACCES, mkdir '/home/drklrd/.npm/express/4.11.0'
52 error  { [Error: EACCES, mkdir '/home/drklrd/.npm/express/4.11.0']
52 error   errno: 3,
52 error   code: 'EACCES',
52 error   path: '/home/drklrd/.npm/express/4.11.0',
52 error   parent: 'projectBaba' }
53 error Please try running this command again as root/Administrator.
54 error System Linux 3.2.0-23-generic-pae
55 error command "/usr/bin/node" "/usr/bin/npm" "install" "express" "--save"
56 error cwd /home/drklrd/Desktop/projectBaba
57 error node -v v0.10.35
58 error npm -v 1.4.28
59 error path /home/drklrd/.npm/express/4.11.0
60 error code EACCES
61 error errno 3
62 error stack Error: EACCES, mkdir '/home/drklrd/.npm/express/4.11.0'
63 verbose exit [ 3, true ]
